<?xml version="1.0" encoding="UTF-8"?>
<!-- Generated by org.testng.reporters.JUnitXMLReporter -->
<testsuite hostname="Sales" ignored="3" name="TC_Menu_Page_03: Verify Any Menu page Functionalities" tests="1" failures="1" timestamp="11 Feb 2019 18:15:07 GMT" time="170.411" errors="0">
  <testcase name="TC_Menu_Page_03" time="155.891" classname="com.automation.index.PackageIndex">
    <failure type="java.lang.AssertionError" message="expected [true] but found [false]">
      <![CDATA[java.lang.AssertionError: expected [true] but found [false]
at com.automation.index.PackageIndex.TC_Menu_Page_03(PackageIndex.java:262)
at java.util.concurrent.FutureTask.run(Unknown Source)
at java.util.concurrent.ThreadPoolExecutor.runWorker(Unknown Source)
at java.util.concurrent.ThreadPoolExecutor$Worker.run(Unknown Source)
at java.lang.Thread.run(Unknown Source)
... Removed 20 stack frames]]>
    </failure>
  </testcase> <!-- TC_Menu_Page_03 -->
  <testcase name="TC_Wish_Compare_04" time="0.0" classname="com.automation.index.PackageIndex">
    <ignored/>
  </testcase> <!-- TC_Wish_Compare_04 -->
  <testcase name="TC_LogIn_02" time="0.0" classname="com.automation.index.PackageIndex">
    <ignored/>
  </testcase> <!-- TC_LogIn_02 -->
  <testcase name="TC_SignUp_01" time="0.0" classname="com.automation.index.PackageIndex">
    <ignored/>
  </testcase> <!-- TC_SignUp_01 -->
</testsuite> <!-- TC_Menu_Page_03: Verify Any Menu page Functionalities -->
